[28-Sep-2017 21:55:52 UTC] PHP Warning:  include(./pixabayAPI.php): failed to open stream: No such file or directory in /home/ubuntu/workspace/Slider/index.php on line 31
[28-Sep-2017 21:55:52 UTC] PHP Stack trace:
[28-Sep-2017 21:55:52 UTC] PHP   1. {main}() /home/ubuntu/workspace/Slider/index.php:0
[28-Sep-2017 21:55:52 UTC] PHP Warning:  include(): Failed opening './pixabayAPI.php' for inclusion (include_path='.:/usr/share/php:/usr/share/pear') in /home/ubuntu/workspace/Slider/index.php on line 31
[28-Sep-2017 21:55:52 UTC] PHP Stack trace:
[28-Sep-2017 21:55:52 UTC] PHP   1. {main}() /home/ubuntu/workspace/Slider/index.php:0
[28-Sep-2017 21:55:52 UTC] PHP Fatal error:  Call to undefined function getImageURLs() in /home/ubuntu/workspace/Slider/index.php on line 32
[28-Sep-2017 21:55:52 UTC] PHP Stack trace:
[28-Sep-2017 21:55:52 UTC] PHP   1. {main}() /home/ubuntu/workspace/Slider/index.php:0
[28-Sep-2017 21:55:52 UTC] PHP Warning:  include(./pixabayAPI.php): failed to open stream: No such file or directory in /home/ubuntu/workspace/Slider/index.php on line 31
[28-Sep-2017 21:55:52 UTC] PHP Stack trace:
[28-Sep-2017 21:55:52 UTC] PHP   1. {main}() /home/ubuntu/workspace/Slider/index.php:0
[28-Sep-2017 21:55:52 UTC] PHP Warning:  include(): Failed opening './pixabayAPI.php' for inclusion (include_path='.:/usr/share/php:/usr/share/pear') in /home/ubuntu/workspace/Slider/index.php on line 31
[28-Sep-2017 21:55:52 UTC] PHP Stack trace:
[28-Sep-2017 21:55:52 UTC] PHP   1. {main}() /home/ubuntu/workspace/Slider/index.php:0
[28-Sep-2017 21:55:52 UTC] PHP Fatal error:  Call to undefined function getImageURLs() in /home/ubuntu/workspace/Slider/index.php on line 32
[28-Sep-2017 21:55:52 UTC] PHP Stack trace:
[28-Sep-2017 21:55:52 UTC] PHP   1. {main}() /home/ubuntu/workspace/Slider/index.php:0
[03-Oct-2017 06:41:45 UTC] PHP Fatal error:  Function name must be a string in /home/ubuntu/workspace/Slider/index.php on line 4
[03-Oct-2017 06:41:45 UTC] PHP Stack trace:
[03-Oct-2017 06:41:45 UTC] PHP   1. {main}() /home/ubuntu/workspace/Slider/index.php:0
[03-Oct-2017 07:16:19 UTC] PHP Parse error:  syntax error, unexpected end of file in /home/ubuntu/workspace/Slider/index.php on line 136
[03-Oct-2017 07:24:22 UTC] PHP Fatal error:  Function name must be a string in /home/ubuntu/workspace/Slider/index.php on line 4
[03-Oct-2017 07:24:22 UTC] PHP Stack trace:
[03-Oct-2017 07:24:22 UTC] PHP   1. {main}() /home/ubuntu/workspace/Slider/index.php:0
[03-Oct-2017 07:26:07 UTC] PHP Warning:  include(.api/pixabayAPI.php): failed to open stream: No such file or directory in /home/ubuntu/workspace/Slider/index.php on line 5
[03-Oct-2017 07:26:07 UTC] PHP Stack trace:
[03-Oct-2017 07:26:07 UTC] PHP   1. {main}() /home/ubuntu/workspace/Slider/index.php:0
[03-Oct-2017 07:26:07 UTC] PHP Warning:  include(): Failed opening '.api/pixabayAPI.php' for inclusion (include_path='.:/usr/share/php:/usr/share/pear') in /home/ubuntu/workspace/Slider/index.php on line 5
[03-Oct-2017 07:26:07 UTC] PHP Stack trace:
[03-Oct-2017 07:26:07 UTC] PHP   1. {main}() /home/ubuntu/workspace/Slider/index.php:0
[03-Oct-2017 07:26:07 UTC] PHP Fatal error:  Call to undefined function getImageURLs() in /home/ubuntu/workspace/Slider/index.php on line 7
[03-Oct-2017 07:26:07 UTC] PHP Stack trace:
[03-Oct-2017 07:26:07 UTC] PHP   1. {main}() /home/ubuntu/workspace/Slider/index.php:0
